Using pre-set license
Pro License: NO

 COMMAND LINE ARGUMENTS:
/Applications/Unity/Hub/Editor/2021.1.13f1/Unity.app/Contents/MacOS/Unity
-adb2
-batchMode
-noUpm
-name
AssetImportWorker0
-projectPath
/Users/doguma/Desktop/Projects/NavMesh/NavMesh-Tutorial/NavMesh Example Project
-logFile
Logs/AssetImportWorker0.log
-srvPort
59542
Successfully changed project path to: /Users/doguma/Desktop/Projects/NavMesh/NavMesh-Tutorial/NavMesh Example Project
/Users/doguma/Desktop/Projects/NavMesh/NavMesh-Tutorial/NavMesh Example Project
Using Asset Import Pipeline V2.
Refreshing native plugins compatible for Editor in 87.02 ms, found 2 plugins.
Preloading 0 native plugins for Editor in 0.00 ms.
Initialize engine version: 2021.1.13f1 (a03098edbbe0)
[Subsystems] Discovering subsystems at path /Applications/Unity/Hub/Editor/2021.1.13f1/Unity.app/Contents/Resources/UnitySubsystems
[Subsystems] Discovering subsystems at path /Users/doguma/Desktop/Projects/NavMesh/NavMesh-Tutorial/NavMesh Example Project/Assets
GfxDevice: creating device client; threaded=0; jobified=0
2021-07-28 20:23:23.283 Unity[24710:2207567] Color LCD preferred device: AMD Radeon Pro 5500M (high power)
2021-07-28 20:23:23.283 Unity[24710:2207567] Metal devices available: 2
2021-07-28 20:23:23.283 Unity[24710:2207567] 0: AMD Radeon Pro 5500M (high power)
2021-07-28 20:23:23.283 Unity[24710:2207567] 1: Intel(R) UHD Graphics 630 (low power)
2021-07-28 20:23:23.284 Unity[24710:2207567] Using device AMD Radeon Pro 5500M (high power)
Initializing Metal device caps: AMD Radeon Pro 5500M
Initialize mono
Mono path[0] = '/Applications/Unity/Hub/Editor/2021.1.13f1/Unity.app/Contents/Managed'
Mono path[1] = '/Applications/Unity/Hub/Editor/2021.1.13f1/Unity.app/Contents/MonoBleedingEdge/lib/mono/unityjit'
Mono config path = '/Applications/Unity/Hub/Editor/2021.1.13f1/Unity.app/Contents/MonoBleedingEdge/etc'
Using monoOptions --debugger-agent=transport=dt_socket,embedding=1,server=y,suspend=n,address=127.0.0.1:56710
Begin MonoManager ReloadAssembly
Registering precompiled unity dll's ...
Register platform support module: /Applications/Unity/Hub/Editor/2021.1.13f1/Unity.app/Contents/PlaybackEngines/MacStandaloneSupport/UnityEditor.OSXStandalone.Extensions.dll
Registered in 0.000480 seconds.
Native extension for OSXStandalone target not found
Refreshing native plugins compatible for Editor in 82.00 ms, found 2 plugins.
Preloading 0 native plugins for Editor in 0.00 ms.
Mono: successfully reloaded assembly
- Completed reload, in  3.258 seconds
Domain Reload Profiling:
	ReloadAssembly (3259ms)
		BeginReloadAssembly (46ms)
			ExecutionOrderSort (0ms)
			DisableScriptedObjects (0ms)
			BackupInstance (0ms)
			ReleaseScriptingObjects (0ms)
			CreateAndSetChildDomain (1ms)
		EndReloadAssembly (620ms)
			LoadAssemblies (45ms)
			RebuildTransferFunctionScriptingTraits (0ms)
			SetupTypeCache (254ms)
			ReleaseScriptCaches (0ms)
			RebuildScriptCaches (44ms)
			SetupLoadedEditorAssemblies (269ms)
				LogAssemblyErrors (0ms)
				InitializePlatformSupportModulesInManaged (6ms)
				SetLoadedEditorAssemblies (0ms)
				RefreshPlugins (82ms)
				BeforeProcessingInitializeOnLoad (1ms)
				ProcessInitializeOnLoadAttributes (142ms)
				ProcessInitializeOnLoadMethodAttributes (36ms)
				AfterProcessingInitializeOnLoad (0ms)
				EditorAssembliesLoaded (0ms)
			ExecutionOrderSort2 (0ms)
			AwakeInstancesAfterBackupRestoration (0ms)
Platform modules already initialized, skipping
Registering precompiled user dll's ...
Registered in 0.004701 seconds.
Begin MonoManager ReloadAssembly
Symbol file LoadedFromMemory doesn't match image /Users/doguma/Desktop/Projects/NavMesh/NavMesh-Tutorial/NavMesh Example Project/Library/PackageCache/com.unity.visualscripting@1.6.1/Editor/VisualScripting.Core/Dependencies/YamlDotNet/Unity.VisualScripting.YamlDotNet.dll
Symbol file LoadedFromMemory doesn't match image /Users/doguma/Desktop/Projects/NavMesh/NavMesh-Tutorial/NavMesh Example Project/Library/PackageCache/com.unity.visualscripting@1.6.1/Editor/VisualScripting.Core/Dependencies/DotNetZip/Unity.VisualScripting.IonicZip.dll
Native extension for OSXStandalone target not found
Refreshing native plugins compatible for Editor in 1.01 ms, found 2 plugins.
Preloading 0 native plugins for Editor in 0.00 ms.
Mono: successfully reloaded assembly
- Completed reload, in  1.367 seconds
Domain Reload Profiling:
	ReloadAssembly (1368ms)
		BeginReloadAssembly (185ms)
			ExecutionOrderSort (0ms)
			DisableScriptedObjects (6ms)
			BackupInstance (0ms)
			ReleaseScriptingObjects (0ms)
			CreateAndSetChildDomain (39ms)
		EndReloadAssembly (1104ms)
			LoadAssemblies (86ms)
			RebuildTransferFunctionScriptingTraits (0ms)
			SetupTypeCache (479ms)
			ReleaseScriptCaches (1ms)
			RebuildScriptCaches (64ms)
			SetupLoadedEditorAssemblies (348ms)
				LogAssemblyErrors (0ms)
				InitializePlatformSupportModulesInManaged (4ms)
				SetLoadedEditorAssemblies (1ms)
				RefreshPlugins (1ms)
				BeforeProcessingInitializeOnLoad (65ms)
				ProcessInitializeOnLoadAttributes (268ms)
				ProcessInitializeOnLoadMethodAttributes (7ms)
				AfterProcessingInitializeOnLoad (1ms)
				EditorAssembliesLoaded (0ms)
			ExecutionOrderSort2 (0ms)
			AwakeInstancesAfterBackupRestoration (9ms)
Platform modules already initialized, skipping
========================================================================
Worker process is ready to serve import requests
Launching external process: /Applications/Unity/Hub/Editor/2021.1.13f1/Unity.app/Contents/Tools/UnityShaderCompiler
Launched and connected shader compiler UnityShaderCompiler after 0.01 seconds
Refreshing native plugins compatible for Editor in 0.59 ms, found 2 plugins.
Preloading 0 native plugins for Editor in 0.00 ms.
Unloading 2954 Unused Serialized files (Serialized files now loaded: 0)
System memory in use before: 195.1 MB.
System memory in use after: 195.4 MB.

Unloading 22 unused Assets to reduce memory usage. Loaded Objects now: 3399.
Total: 2.192201 ms (FindLiveObjects: 0.226857 ms CreateObjectMapping: 0.131073 ms MarkObjects: 1.776103 ms  DeleteObjects: 0.057208 ms)

AssetImportParameters requested are different than current active one (requested -> active):
  custom:video-decoder-ogg-theora: a1e56fd34408186e4bbccfd4996cb3dc -> 
  custom:container-muxer-webm: aa71ff27fc2769a1b78a27578f13a17b -> 
  custom:container-demuxer-webm: 4f35f7cbe854078d1ac9338744f61a02 -> 
  custom:container-demuxer-ogg: 62fdf1f143b41e24485cea50d1cbac27 -> 
  custom:video-encoder-webm-vp8: eb34c28f22e8b96e1ab97ce403110664 -> 
  custom:framework-osx-AVFoundation: e770b220cccbd017edd2c1fefb359320 -> 
  custom:video-decoder-webm-vp8: 9c59270c3fd7afecdb556c50c9e8de78 -> 
  custom:audio-decoder-ogg-vorbis: bf7c407c2cedff20999df2af8eb42d56 -> 
  custom:audio-encoder-webm-vorbis: bf7c407c2cedff20999df2af8eb42d56 -> 
========================================================================
Received Import Request.
  path: Assets/Example01 - Basics/Level.fbx
  artifactKey: Guid(172276cc9c6eac545ac9183214a11a68) Importer(815301076,1909f56bfc062723c751e8b465ee728b)
Start importing Assets/Example01 - Basics/Level.fbx using Guid(172276cc9c6eac545ac9183214a11a68) Importer(815301076,1909f56bfc062723c751e8b465ee728b)  -> (artifact id: '8564bdf6b84101d3edad5e1b5ff5599b') in 1.492804 seconds 
========================================================================
Received Import Request.
  Time since last request: 0.000202 seconds.
  path: Assets/NavMeshComponents/Editor
  artifactKey: Guid(850e808bcaf82ff47b2c0ea5f611c248) Importer(815301076,1909f56bfc062723c751e8b465ee728b)
Start importing Assets/NavMeshComponents/Editor using Guid(850e808bcaf82ff47b2c0ea5f611c248) Importer(815301076,1909f56bfc062723c751e8b465ee728b)  -> (artifact id: 'c4e7b91287239958afe1fdf0157f50ca') in 0.000922 seconds 
========================================================================
Received Import Request.
  Time since last request: 0.000189 seconds.
  path: Assets/Example03 - Runtime/Wall.prefab
  artifactKey: Guid(50c2b0c5c4d64eb499af91a6741150ea) Importer(815301076,1909f56bfc062723c751e8b465ee728b)
Start importing Assets/Example03 - Runtime/Wall.prefab using Guid(50c2b0c5c4d64eb499af91a6741150ea) Importer(815301076,1909f56bfc062723c751e8b465ee728b)  -> (artifact id: '27dc77503917a9f3c12939d09058c93b') in 0.365699 seconds 
========================================================================
Received Import Request.
  Time since last request: 0.000182 seconds.
  path: Assets/Example03 - Runtime/Player.prefab
  artifactKey: Guid(24a16ae1cdc113a4fbe8be04672f1592) Importer(815301076,1909f56bfc062723c751e8b465ee728b)
Start importing Assets/Example03 - Runtime/Player.prefab using Guid(24a16ae1cdc113a4fbe8be04672f1592) Importer(815301076,1909f56bfc062723c751e8b465ee728b)  -> (artifact id: 'a6673664b97087ff1e51631842543688') in 0.011937 seconds 
========================================================================
Received Import Request.
  Time since last request: 44.526799 seconds.
  path: Assets/Example01 - Basics/Materials
  artifactKey: Guid(ae0ed63b2453e1146bdd4d6e616fe315) Importer(815301076,1909f56bfc062723c751e8b465ee728b)
Start importing Assets/Example01 - Basics/Materials using Guid(ae0ed63b2453e1146bdd4d6e616fe315) Importer(815301076,1909f56bfc062723c751e8b465ee728b)  -> (artifact id: 'a711d89f7584c41783f7672772be456e') in 0.001076 seconds 
========================================================================
Received Import Request.
  Time since last request: 0.058194 seconds.
  path: Assets/Example01 - Basics/Materials/Ground.mat
  artifactKey: Guid(3f3eb11f68c607144aa56d9f83cd26c9) Importer(815301076,1909f56bfc062723c751e8b465ee728b)
Start importing Assets/Example01 - Basics/Materials/Ground.mat using Guid(3f3eb11f68c607144aa56d9f83cd26c9) Importer(815301076,1909f56bfc062723c751e8b465ee728b)  -> (artifact id: '26e805c971c2091d8396ae00583c5ffd') in 0.190362 seconds 
========================================================================
Received Import Request.
  Time since last request: 0.000205 seconds.
  path: Assets/Example01 - Basics/Materials/Walls.mat
  artifactKey: Guid(516e6b06e20bb974aa29ea7459753cbe) Importer(815301076,1909f56bfc062723c751e8b465ee728b)
Start importing Assets/Example01 - Basics/Materials/Walls.mat using Guid(516e6b06e20bb974aa29ea7459753cbe) Importer(815301076,1909f56bfc062723c751e8b465ee728b)  -> (artifact id: '8182991dc41173c9f271264c0487988f') in 0.009265 seconds 
========================================================================
Received Import Request.
  Time since last request: 0.000170 seconds.
  path: Assets/Example01 - Basics/Materials/Player.mat
  artifactKey: Guid(98dfaa90a779f3e41818a88ee8ec8cc3) Importer(815301076,1909f56bfc062723c751e8b465ee728b)
Start importing Assets/Example01 - Basics/Materials/Player.mat using Guid(98dfaa90a779f3e41818a88ee8ec8cc3) Importer(815301076,1909f56bfc062723c751e8b465ee728b)  -> (artifact id: 'a20cf8ff6cdf1cee5bbf15dda8327a45') in 0.006525 seconds 
========================================================================
Received Import Request.
  Time since last request: 41.003466 seconds.
  path: Assets/Example02 - Obstacles/Materials/Ground.mat
  artifactKey: Guid(3841a9e2bba08994ca2e9f4427f13318) Importer(815301076,1909f56bfc062723c751e8b465ee728b)
Start importing Assets/Example02 - Obstacles/Materials/Ground.mat using Guid(3841a9e2bba08994ca2e9f4427f13318) Importer(815301076,1909f56bfc062723c751e8b465ee728b)  -> (artifact id: 'a8860f5747566b654fab88d836f134de') in 0.007880 seconds 
========================================================================
Received Import Request.
  Time since last request: 0.000162 seconds.
  path: Assets/Example02 - Obstacles/Materials/Player.mat
  artifactKey: Guid(7ab5b41445aaf9647a5bab173525f3b2) Importer(815301076,1909f56bfc062723c751e8b465ee728b)
Start importing Assets/Example02 - Obstacles/Materials/Player.mat using Guid(7ab5b41445aaf9647a5bab173525f3b2) Importer(815301076,1909f56bfc062723c751e8b465ee728b)  -> (artifact id: 'bd12c1a472fbbf6fe0e0f8b15c0efd8c') in 0.007409 seconds 
========================================================================
Received Import Request.
  Time since last request: 0.000189 seconds.
  path: Assets/Example02 - Obstacles/Materials/Obstacle.mat
  artifactKey: Guid(7b3b4b9b2f30107469ccfb1934c3e2e3) Importer(815301076,1909f56bfc062723c751e8b465ee728b)
Start importing Assets/Example02 - Obstacles/Materials/Obstacle.mat using Guid(7b3b4b9b2f30107469ccfb1934c3e2e3) Importer(815301076,1909f56bfc062723c751e8b465ee728b)  -> (artifact id: '92f4b60bfb52ebbe58fec6ce51cce4a7') in 0.007101 seconds 
========================================================================
Received Import Request.
  Time since last request: 2.539378 seconds.
  path: Assets/Example03 - Runtime/Materials/Ground.mat
  artifactKey: Guid(daa68a32eef103b498047437a683799e) Importer(815301076,1909f56bfc062723c751e8b465ee728b)
Start importing Assets/Example03 - Runtime/Materials/Ground.mat using Guid(daa68a32eef103b498047437a683799e) Importer(815301076,1909f56bfc062723c751e8b465ee728b)  -> (artifact id: '2ac4ebcff9083e4cdc486bc30478dc07') in 0.006863 seconds 
========================================================================
Received Import Request.
  Time since last request: 0.000168 seconds.
  path: Assets/Example03 - Runtime/Materials/Player.mat
  artifactKey: Guid(9494caa7ee80f6e4385e191ee0f242e8) Importer(815301076,1909f56bfc062723c751e8b465ee728b)
Start importing Assets/Example03 - Runtime/Materials/Player.mat using Guid(9494caa7ee80f6e4385e191ee0f242e8) Importer(815301076,1909f56bfc062723c751e8b465ee728b)  -> (artifact id: 'cc0ba2d5346c1d8ffb5d23637486d68f') in 0.007106 seconds 
========================================================================
Received Import Request.
  Time since last request: 0.000165 seconds.
  path: Assets/Example03 - Runtime/Materials/Walls.mat
  artifactKey: Guid(1c4058d5cb706fe4a98fda6995eecdb6) Importer(815301076,1909f56bfc062723c751e8b465ee728b)
Start importing Assets/Example03 - Runtime/Materials/Walls.mat using Guid(1c4058d5cb706fe4a98fda6995eecdb6) Importer(815301076,1909f56bfc062723c751e8b465ee728b)  -> (artifact id: 'e4c84373adbabacd6b55d7897355cac5') in 0.008280 seconds 
========================================================================
Received Import Request.
  Time since last request: 2.864383 seconds.
  path: Assets/Example04 - Links/Materials/Ground01.mat
  artifactKey: Guid(780df1357ed28f44eb476949ffaa96da) Importer(815301076,1909f56bfc062723c751e8b465ee728b)
Start importing Assets/Example04 - Links/Materials/Ground01.mat using Guid(780df1357ed28f44eb476949ffaa96da) Importer(815301076,1909f56bfc062723c751e8b465ee728b)  -> (artifact id: 'b6f69dca9468977635b89a44a417aa84') in 0.007442 seconds 
========================================================================
Received Import Request.
  Time since last request: 0.000151 seconds.
  path: Assets/Example04 - Links/Materials/Ground02.mat
  artifactKey: Guid(e81df52f60ce48b4ba15bfd351252c61) Importer(815301076,1909f56bfc062723c751e8b465ee728b)
Start importing Assets/Example04 - Links/Materials/Ground02.mat using Guid(e81df52f60ce48b4ba15bfd351252c61) Importer(815301076,1909f56bfc062723c751e8b465ee728b)  -> (artifact id: '2233cfb0eaeffa2ffc1f967284f20798') in 0.007126 seconds 
========================================================================
Received Import Request.
  Time since last request: 0.000203 seconds.
  path: Assets/Example04 - Links/Materials/Player.mat
  artifactKey: Guid(ee219b6fc3a0c794dbe2f8195b3c7da8) Importer(815301076,1909f56bfc062723c751e8b465ee728b)
Start importing Assets/Example04 - Links/Materials/Player.mat using Guid(ee219b6fc3a0c794dbe2f8195b3c7da8) Importer(815301076,1909f56bfc062723c751e8b465ee728b)  -> (artifact id: '750f8110431333d6b24cbd454e62617f') in 0.006930 seconds 
========================================================================
Received Import Request.
  Time since last request: 130.401503 seconds.
  path: Assets/Example01 - Basics.unity
  artifactKey: Guid(d027fe1a77511c544ad7d118a03fcb22) Importer(815301076,1909f56bfc062723c751e8b465ee728b)
Start importing Assets/Example01 - Basics.unity using Guid(d027fe1a77511c544ad7d118a03fcb22) Importer(815301076,1909f56bfc062723c751e8b465ee728b)  -> (artifact id: '0749eb6a29e2d0498d2a58db02cf8459') in 0.001655 seconds 
========================================================================
Received Import Request.
  Time since last request: 5.461054 seconds.
  path: Assets/Example02 - Obstacles.unity
  artifactKey: Guid(15808f7fbd554c14d8971512aec98bef) Importer(815301076,1909f56bfc062723c751e8b465ee728b)
Start importing Assets/Example02 - Obstacles.unity using Guid(15808f7fbd554c14d8971512aec98bef) Importer(815301076,1909f56bfc062723c751e8b465ee728b)  -> (artifact id: 'cd0441167f8290d7addff6da3968cf20') in 0.001279 seconds 
========================================================================
Received Import Request.
  Time since last request: 1.524703 seconds.
  path: Assets/Example03 - Runtime.unity
  artifactKey: Guid(3b7d1a8aea3e8e544bbd87836cfae60e) Importer(815301076,1909f56bfc062723c751e8b465ee728b)
Start importing Assets/Example03 - Runtime.unity using Guid(3b7d1a8aea3e8e544bbd87836cfae60e) Importer(815301076,1909f56bfc062723c751e8b465ee728b)  -> (artifact id: '5542c554d7e88eb69c338fb38344443e') in 0.001493 seconds 
========================================================================
Received Import Request.
  Time since last request: 0.916199 seconds.
  path: Assets/Example04 - Links.unity
  artifactKey: Guid(6c3391d23674c2345b1108e82c422e4a) Importer(815301076,1909f56bfc062723c751e8b465ee728b)
Start importing Assets/Example04 - Links.unity using Guid(6c3391d23674c2345b1108e82c422e4a) Importer(815301076,1909f56bfc062723c751e8b465ee728b)  -> (artifact id: '7ad36298c7447c49782cd9375eb72f09') in 0.001264 seconds 
========================================================================
Received Import Request.
  Time since last request: 1.851044 seconds.
  path: Assets/Example05 - LowMan.unity
  artifactKey: Guid(75e05c5681f54c84d92c7fcf306ce093) Importer(815301076,1909f56bfc062723c751e8b465ee728b)
Start importing Assets/Example05 - LowMan.unity using Guid(75e05c5681f54c84d92c7fcf306ce093) Importer(815301076,1909f56bfc062723c751e8b465ee728b)  -> (artifact id: '682ab045d82abb590dabae55b26cc2c3') in 0.001448 seconds 
========================================================================
Received Import Request.
  Time since last request: 188.889177 seconds.
  path: ProjectSettings/TagManager.asset
  artifactKey: Guid(00000000000000003000000000000000) Importer(815301076,1909f56bfc062723c751e8b465ee728b)
Start importing ProjectSettings/TagManager.asset using Guid(00000000000000003000000000000000) Importer(815301076,1909f56bfc062723c751e8b465ee728b)  -> (artifact id: 'ce6a35c3cddc746e7501c0bd0ed6d4ce') in 0.157940 seconds 
========================================================================
Received Prepare
Registering precompiled user dll's ...
Registered in 0.002859 seconds.
Begin MonoManager ReloadAssembly
Symbol file LoadedFromMemory doesn't match image /Users/doguma/Desktop/Projects/NavMesh/NavMesh-Tutorial/NavMesh Example Project/Library/PackageCache/com.unity.visualscripting@1.6.1/Editor/VisualScripting.Core/Dependencies/YamlDotNet/Unity.VisualScripting.YamlDotNet.dll
Symbol file LoadedFromMemory doesn't match image /Users/doguma/Desktop/Projects/NavMesh/NavMesh-Tutorial/NavMesh Example Project/Library/PackageCache/com.unity.visualscripting@1.6.1/Editor/VisualScripting.Core/Dependencies/DotNetZip/Unity.VisualScripting.IonicZip.dll
Native extension for OSXStandalone target not found
Refreshing native plugins compatible for Editor in 0.56 ms, found 2 plugins.
Preloading 0 native plugins for Editor in 0.00 ms.
Mono: successfully reloaded assembly
- Completed reload, in  1.322 seconds
Domain Reload Profiling:
	ReloadAssembly (1322ms)
		BeginReloadAssembly (142ms)
			ExecutionOrderSort (0ms)
			DisableScriptedObjects (5ms)
			BackupInstance (0ms)
			ReleaseScriptingObjects (0ms)
			CreateAndSetChildDomain (71ms)
		EndReloadAssembly (1091ms)
			LoadAssemblies (89ms)
			RebuildTransferFunctionScriptingTraits (0ms)
			SetupTypeCache (480ms)
			ReleaseScriptCaches (1ms)
			RebuildScriptCaches (58ms)
			SetupLoadedEditorAssemblies (323ms)
				LogAssemblyErrors (0ms)
				InitializePlatformSupportModulesInManaged (6ms)
				SetLoadedEditorAssemblies (1ms)
				RefreshPlugins (1ms)
				BeforeProcessingInitializeOnLoad (51ms)
				ProcessInitializeOnLoadAttributes (258ms)
				ProcessInitializeOnLoadMethodAttributes (6ms)
				AfterProcessingInitializeOnLoad (2ms)
				EditorAssembliesLoaded (0ms)
			ExecutionOrderSort2 (0ms)
			AwakeInstancesAfterBackupRestoration (9ms)
Platform modules already initialized, skipping
Refreshing native plugins compatible for Editor in 0.53 ms, found 2 plugins.
Preloading 0 native plugins for Editor in 0.00 ms.
Unloading 2949 Unused Serialized files (Serialized files now loaded: 0)
System memory in use before: 217.0 MB.
System memory in use after: 217.3 MB.

Unloading 19 unused Assets to reduce memory usage. Loaded Objects now: 3448.
Total: 2.232839 ms (FindLiveObjects: 0.209261 ms CreateObjectMapping: 0.164776 ms MarkObjects: 1.837312 ms  DeleteObjects: 0.020496 ms)

AssetImportParameters requested are different than current active one (requested -> active):
  custom:video-decoder-ogg-theora: a1e56fd34408186e4bbccfd4996cb3dc -> 
  custom:container-muxer-webm: aa71ff27fc2769a1b78a27578f13a17b -> 
  custom:container-demuxer-webm: 4f35f7cbe854078d1ac9338744f61a02 -> 
  custom:container-demuxer-ogg: 62fdf1f143b41e24485cea50d1cbac27 -> 
  custom:video-encoder-webm-vp8: eb34c28f22e8b96e1ab97ce403110664 -> 
  custom:framework-osx-AVFoundation: e770b220cccbd017edd2c1fefb359320 -> 
  custom:video-decoder-webm-vp8: 9c59270c3fd7afecdb556c50c9e8de78 -> 
  custom:audio-decoder-ogg-vorbis: bf7c407c2cedff20999df2af8eb42d56 -> 
  custom:audio-encoder-webm-vorbis: bf7c407c2cedff20999df2af8eb42d56 -> 
========================================================================
Received Import Request.
  Time since last request: 761.919868 seconds.
  path: Assets/Example01 - Basics.unity
  artifactKey: Guid(d027fe1a77511c544ad7d118a03fcb22) Importer(2089858483,934ff659095e30574adcf32a4c2f97b5)
Start importing Assets/Example01 - Basics.unity using Guid(d027fe1a77511c544ad7d118a03fcb22) Importer(2089858483,934ff659095e30574adcf32a4c2f97b5)  -> (artifact id: 'f266b1a71248a2cb5d5748f8bdf74451') in 0.061689 seconds 
========================================================================
Received Import Request.
  Time since last request: 0.000169 seconds.
  path: Assets/Example05 - LowMan/LowMan/Animation/Clips/Humanoid_IdleWin.fbx
  artifactKey: Guid(e30c19a9cb564f648a7ff762a3e673bd) Importer(2089858483,934ff659095e30574adcf32a4c2f97b5)
Start importing Assets/Example05 - LowMan/LowMan/Animation/Clips/Humanoid_IdleWin.fbx using Guid(e30c19a9cb564f648a7ff762a3e673bd) Importer(2089858483,934ff659095e30574adcf32a4c2f97b5)  -> (artifact id: 'b6f20ae6a2e7218602bc21f64f37bdc5') in 0.022712 seconds 
========================================================================
Received Import Request.
  Time since last request: 0.000134 seconds.
  path: Assets/Example02 - Obstacles/ObstacleAnimation.cs
  artifactKey: Guid(974c55d9ebac30b429a1413d331873d9) Importer(2089858483,934ff659095e30574adcf32a4c2f97b5)
Start importing Assets/Example02 - Obstacles/ObstacleAnimation.cs using Guid(974c55d9ebac30b429a1413d331873d9) Importer(2089858483,934ff659095e30574adcf32a4c2f97b5)  -> (artifact id: '49facc18e54b3b5b8f49580a18daac96') in 2.863636 seconds 
========================================================================
Received Import Request.
  Time since last request: 0.000226 seconds.
  path: Assets/Example05 - LowMan/LowMan/Animation/Clips/Humanoid_WalkTurn.fbx
  artifactKey: Guid(1c52c953c83c2254a9fa72d50250f028) Importer(2089858483,934ff659095e30574adcf32a4c2f97b5)
Start importing Assets/Example05 - LowMan/LowMan/Animation/Clips/Humanoid_WalkTurn.fbx using Guid(1c52c953c83c2254a9fa72d50250f028) Importer(2089858483,934ff659095e30574adcf32a4c2f97b5)  -> (artifact id: '9f0f39db240139e7ff071820dab3aa44') in 0.016816 seconds 
========================================================================
Received Import Request.
  Time since last request: 0.000183 seconds.
  path: Assets/Example03 - Runtime/Player.prefab
  artifactKey: Guid(24a16ae1cdc113a4fbe8be04672f1592) Importer(2089858483,934ff659095e30574adcf32a4c2f97b5)
Start importing Assets/Example03 - Runtime/Player.prefab using Guid(24a16ae1cdc113a4fbe8be04672f1592) Importer(2089858483,934ff659095e30574adcf32a4c2f97b5)  -> (artifact id: '6a4cfa0a0f72485095b4cafe85900b33') in 0.003886 seconds 
========================================================================
Received Import Request.
  Time since last request: 0.000241 seconds.
  path: Assets/Example02 - Obstacles/Materials/Ground.mat
  artifactKey: Guid(3841a9e2bba08994ca2e9f4427f13318) Importer(2089858483,934ff659095e30574adcf32a4c2f97b5)
Start importing Assets/Example02 - Obstacles/Materials/Ground.mat using Guid(3841a9e2bba08994ca2e9f4427f13318) Importer(2089858483,934ff659095e30574adcf32a4c2f97b5)  -> (artifact id: '46b5245f9d2e42883dd3b8fff906de83') in 0.004891 seconds 
========================================================================
Received Import Request.
  Time since last request: 0.000164 seconds.
  path: Assets/Example03 - Runtime/Materials/Walls.mat
  artifactKey: Guid(1c4058d5cb706fe4a98fda6995eecdb6) Importer(2089858483,934ff659095e30574adcf32a4c2f97b5)
Start importing Assets/Example03 - Runtime/Materials/Walls.mat using Guid(1c4058d5cb706fe4a98fda6995eecdb6) Importer(2089858483,934ff659095e30574adcf32a4c2f97b5)  -> (artifact id: '68f0be360ec032384e6fa88af00c2b78') in 0.003739 seconds 
========================================================================
Received Import Request.
  Time since last request: 0.000186 seconds.
  path: Assets/Example04 - Links.unity
  artifactKey: Guid(6c3391d23674c2345b1108e82c422e4a) Importer(2089858483,934ff659095e30574adcf32a4c2f97b5)
Start importing Assets/Example04 - Links.unity using Guid(6c3391d23674c2345b1108e82c422e4a) Importer(2089858483,934ff659095e30574adcf32a4c2f97b5)  -> (artifact id: '2a39c9878589219cb2d3912c17e0f636') in 0.003841 seconds 
========================================================================
Received Import Request.
  Time since last request: 0.000159 seconds.
  path: Assets/Example05 - LowMan/LowMan/Animation/Clips/Humanoid_Dying.fbx
  artifactKey: Guid(4b722364804e95e438feb87f955c83b4) Importer(2089858483,934ff659095e30574adcf32a4c2f97b5)
Start importing Assets/Example05 - LowMan/LowMan/Animation/Clips/Humanoid_Dying.fbx using Guid(4b722364804e95e438feb87f955c83b4) Importer(2089858483,934ff659095e30574adcf32a4c2f97b5)  -> (artifact id: '15ffade8b4f1e50cb8ae503422d5398b') in 0.020126 seconds 
========================================================================
Received Import Request.
  Time since last request: 0.000192 seconds.
  path: Assets/NavMeshComponents/Scripts/NavMeshSurface.cs
  artifactKey: Guid(3df27b9289d1e8c4fb82e0df4f4673ba) Importer(2089858483,934ff659095e30574adcf32a4c2f97b5)
Start importing Assets/NavMeshComponents/Scripts/NavMeshSurface.cs using Guid(3df27b9289d1e8c4fb82e0df4f4673ba) Importer(2089858483,934ff659095e30574adcf32a4c2f97b5)  -> (artifact id: '97374fea1ec327e7994ac2fe95a3607d') in 0.005032 seconds 
========================================================================
Received Import Request.
  Time since last request: 0.000159 seconds.
  path: Assets/Example04 - Links/Materials/Ground02.mat
  artifactKey: Guid(e81df52f60ce48b4ba15bfd351252c61) Importer(2089858483,934ff659095e30574adcf32a4c2f97b5)
Start importing Assets/Example04 - Links/Materials/Ground02.mat using Guid(e81df52f60ce48b4ba15bfd351252c61) Importer(2089858483,934ff659095e30574adcf32a4c2f97b5)  -> (artifact id: '812a1cb6b171038bac1e60b4e6c587db') in 0.004519 seconds 
========================================================================
Received Import Request.
  Time since last request: 0.000180 seconds.
  path: Assets/Example04 - Links/Materials/Player.mat
  artifactKey: Guid(ee219b6fc3a0c794dbe2f8195b3c7da8) Importer(2089858483,934ff659095e30574adcf32a4c2f97b5)
Start importing Assets/Example04 - Links/Materials/Player.mat using Guid(ee219b6fc3a0c794dbe2f8195b3c7da8) Importer(2089858483,934ff659095e30574adcf32a4c2f97b5)  -> (artifact id: '5a6349d871aeebecfa746b95f5ddd9f7') in 0.004379 seconds 
========================================================================
Received Import Request.
  Time since last request: 0.000198 seconds.
  path: Assets/Example05 - LowMan/Materials/Ground.mat
  artifactKey: Guid(8de8d2473f02b4941a3f9b34d257cb6a) Importer(2089858483,934ff659095e30574adcf32a4c2f97b5)
Start importing Assets/Example05 - LowMan/Materials/Ground.mat using Guid(8de8d2473f02b4941a3f9b34d257cb6a) Importer(2089858483,934ff659095e30574adcf32a4c2f97b5)  -> (artifact id: 'f66dff159aa04f18af59c2813b12f41b') in 0.003658 seconds 
========================================================================
Received Import Request.
  Time since last request: 0.000248 seconds.
  path: Assets/Example01 - Basics/Materials/Ground.mat
  artifactKey: Guid(3f3eb11f68c607144aa56d9f83cd26c9) Importer(2089858483,934ff659095e30574adcf32a4c2f97b5)
Start importing Assets/Example01 - Basics/Materials/Ground.mat using Guid(3f3eb11f68c607144aa56d9f83cd26c9) Importer(2089858483,934ff659095e30574adcf32a4c2f97b5)  -> (artifact id: 'b21b8713fcdf550ca88de4805becfc35') in 0.004531 seconds 
========================================================================
Received Import Request.
  Time since last request: 0.000176 seconds.
  path: Assets/NavMeshComponents/Editor/NavMeshSurfaceEditor.cs
  artifactKey: Guid(b109366e8e12f3f448cc2f2576df102a) Importer(2089858483,934ff659095e30574adcf32a4c2f97b5)
Start importing Assets/NavMeshComponents/Editor/NavMeshSurfaceEditor.cs using Guid(b109366e8e12f3f448cc2f2576df102a) Importer(2089858483,934ff659095e30574adcf32a4c2f97b5)  -> (artifact id: '4abc0bc44430dd66ecf01e18626f81c1') in 0.004337 seconds 
========================================================================
Received Import Request.
  Time since last request: 0.000256 seconds.
  path: Assets/Example05 - LowMan/LowMan/Animation/Humanoid.controller
  artifactKey: Guid(e2cf68ff4b1ffda45a77f7307dd789b9) Importer(2089858483,934ff659095e30574adcf32a4c2f97b5)
Start importing Assets/Example05 - LowMan/LowMan/Animation/Humanoid.controller using Guid(e2cf68ff4b1ffda45a77f7307dd789b9) Importer(2089858483,934ff659095e30574adcf32a4c2f97b5)  -> (artifact id: '584616e3342f7feae57c48e96e899bfb') in 0.172979 seconds 
========================================================================
Received Import Request.
  Time since last request: 0.000188 seconds.
  path: Assets/Example05 - LowMan.unity
  artifactKey: Guid(75e05c5681f54c84d92c7fcf306ce093) Importer(2089858483,934ff659095e30574adcf32a4c2f97b5)
Start importing Assets/Example05 - LowMan.unity using Guid(75e05c5681f54c84d92c7fcf306ce093) Importer(2089858483,934ff659095e30574adcf32a4c2f97b5)  -> (artifact id: '06ff2618cb7bfc7f6727c46435ff8f23') in 0.004086 seconds 
========================================================================
Received Import Request.
  Time since last request: 0.000211 seconds.
  path: Assets/Example05 - LowMan/Materials/Walls.mat
  artifactKey: Guid(308b2ce0d6a40ab4aa0cb7e71720fcc4) Importer(2089858483,934ff659095e30574adcf32a4c2f97b5)
Start importing Assets/Example05 - LowMan/Materials/Walls.mat using Guid(308b2ce0d6a40ab4aa0cb7e71720fcc4) Importer(2089858483,934ff659095e30574adcf32a4c2f97b5)  -> (artifact id: '730845971b006d9d337089fdec0d8df0') in 0.005944 seconds 
========================================================================
Received Import Request.
  Time since last request: 0.000257 seconds.
  path: Assets/NavMeshComponents/Editor/NavMeshModifierVolumeEditor.cs
  artifactKey: Guid(6ce39e93768aa7e4199db30718f1c264) Importer(2089858483,934ff659095e30574adcf32a4c2f97b5)
Start importing Assets/NavMeshComponents/Editor/NavMeshModifierVolumeEditor.cs using Guid(6ce39e93768aa7e4199db30718f1c264) Importer(2089858483,934ff659095e30574adcf32a4c2f97b5)  -> (artifact id: '82c06627ca6b74435f74d25b2f7de2c1') in 0.007302 seconds 
========================================================================
Received Import Request.
  Time since last request: 0.000177 seconds.
  path: Assets/NavMeshComponents/Scripts/NavMeshModifierVolume.cs
  artifactKey: Guid(2777bba7e4e7c6f4681e3ea77eef5438) Importer(2089858483,934ff659095e30574adcf32a4c2f97b5)
Start importing Assets/NavMeshComponents/Scripts/NavMeshModifierVolume.cs using Guid(2777bba7e4e7c6f4681e3ea77eef5438) Importer(2089858483,934ff659095e30574adcf32a4c2f97b5)  -> (artifact id: '267b8eee61d05183b12488fee59dc7fb') in 0.007952 seconds 
========================================================================
Received Import Request.
  Time since last request: 0.000191 seconds.
  path: Assets/Example01 - Basics/Materials/Player.mat
  artifactKey: Guid(98dfaa90a779f3e41818a88ee8ec8cc3) Importer(2089858483,934ff659095e30574adcf32a4c2f97b5)
Start importing Assets/Example01 - Basics/Materials/Player.mat using Guid(98dfaa90a779f3e41818a88ee8ec8cc3) Importer(2089858483,934ff659095e30574adcf32a4c2f97b5)  -> (artifact id: '40a31d1cc5582e2183664237a49a50f6') in 0.006711 seconds 
========================================================================
Received Import Request.
  Time since last request: 0.000188 seconds.
  path: Assets/Example05 - LowMan/LowMan/Models/LowBody.fbx
  artifactKey: Guid(7e15121f5f042ed46aba81406403f2d2) Importer(2089858483,934ff659095e30574adcf32a4c2f97b5)
Start importing Assets/Example05 - LowMan/LowMan/Models/LowBody.fbx using Guid(7e15121f5f042ed46aba81406403f2d2) Importer(2089858483,934ff659095e30574adcf32a4c2f97b5)  -> (artifact id: '2d2bf35df66d00985a64dc9d20e67d51') in 0.013238 seconds 
========================================================================
Received Import Request.
  Time since last request: 0.000172 seconds.
  path: Assets/Example03 - Runtime.unity
  artifactKey: Guid(3b7d1a8aea3e8e544bbd87836cfae60e) Importer(2089858483,934ff659095e30574adcf32a4c2f97b5)
Start importing Assets/Example03 - Runtime.unity using Guid(3b7d1a8aea3e8e544bbd87836cfae60e) Importer(2089858483,934ff659095e30574adcf32a4c2f97b5)  -> (artifact id: '1f453d0a585148cce7ca2492bd9f3556') in 0.003278 seconds 
========================================================================
Received Import Request.
  Time since last request: 0.000146 seconds.
  path: Assets/Example01 - Basics/NavMesh-NavMesh.asset
  artifactKey: Guid(0f0e59c27abdb4af0b6e13acaff83f4f) Importer(2089858483,934ff659095e30574adcf32a4c2f97b5)
Start importing Assets/Example01 - Basics/NavMesh-NavMesh.asset using Guid(0f0e59c27abdb4af0b6e13acaff83f4f) Importer(2089858483,934ff659095e30574adcf32a4c2f97b5)  -> (artifact id: '68117764bdcbb40f1b64dbcb84c58ea7') in 0.007026 seconds 
========================================================================
Received Import Request.
  Time since last request: 0.000157 seconds.
  path: Assets/Example05 - LowMan/LowMan/Animation/Clips/Humanoid_JumpAndFall.fbx
  artifactKey: Guid(51dd2e4c869794f75a0df7d54b210214) Importer(2089858483,934ff659095e30574adcf32a4c2f97b5)
Start importing Assets/Example05 - LowMan/LowMan/Animation/Clips/Humanoid_JumpAndFall.fbx using Guid(51dd2e4c869794f75a0df7d54b210214) Importer(2089858483,934ff659095e30574adcf32a4c2f97b5)  -> (artifact id: '3d7961f18df13e71df5bfc51b61abe52') in 0.017837 seconds 
========================================================================
Received Import Request.
  Time since last request: 0.000166 seconds.
  path: Assets/Example05 - LowMan/LowMan/Scripts/ThirdPersonCharacter.cs
  artifactKey: Guid(ce7a80d520cacc042b5fe14f373d8173) Importer(2089858483,934ff659095e30574adcf32a4c2f97b5)
Start importing Assets/Example05 - LowMan/LowMan/Scripts/ThirdPersonCharacter.cs using Guid(ce7a80d520cacc042b5fe14f373d8173) Importer(2089858483,934ff659095e30574adcf32a4c2f97b5)  -> (artifact id: 'cb556cabdb73b052abbf471835f84e3d') in 0.007114 seconds 
========================================================================
Received Import Request.
  Time since last request: 0.000148 seconds.
  path: Assets/Example05 - LowMan/LowMan/Animation/Clips/Humanoid_Walk.fbx
  artifactKey: Guid(b1a5e04ae51004842aba06704a6c2903) Importer(2089858483,934ff659095e30574adcf32a4c2f97b5)
Start importing Assets/Example05 - LowMan/LowMan/Animation/Clips/Humanoid_Walk.fbx using Guid(b1a5e04ae51004842aba06704a6c2903) Importer(2089858483,934ff659095e30574adcf32a4c2f97b5)  -> (artifact id: '9752e03a0012653e27a80394e0d68ba3') in 0.015148 seconds 
========================================================================
Received Import Request.
  Time since last request: 0.000173 seconds.
  path: Assets/Example04 - Links/Materials/Ground01.mat
  artifactKey: Guid(780df1357ed28f44eb476949ffaa96da) Importer(2089858483,934ff659095e30574adcf32a4c2f97b5)
Start importing Assets/Example04 - Links/Materials/Ground01.mat using Guid(780df1357ed28f44eb476949ffaa96da) Importer(2089858483,934ff659095e30574adcf32a4c2f97b5)  -> (artifact id: 'dd28922bad53137d03b48d95100d7336') in 0.005785 seconds 
========================================================================
Received Import Request.
  Time since last request: 0.000160 seconds.
  path: Assets/Example05 - LowMan/LowMan/Animation/Clips/Humanoid_RunTurnSharp.fbx
  artifactKey: Guid(f2bed5dc5afacff44a00de8daae9703b) Importer(2089858483,934ff659095e30574adcf32a4c2f97b5)
Start importing Assets/Example05 - LowMan/LowMan/Animation/Clips/Humanoid_RunTurnSharp.fbx using Guid(f2bed5dc5afacff44a00de8daae9703b) Importer(2089858483,934ff659095e30574adcf32a4c2f97b5)  -> (artifact id: '22a97892477a8ed1abc507cba90466e2') in 0.017000 seconds 
========================================================================
Received Import Request.
  Time since last request: 0.000190 seconds.
  path: Assets/NavMeshComponents/Scripts/NavMeshLink.cs
  artifactKey: Guid(fd3f0c8df3e6f2f41a45b75127c00b31) Importer(2089858483,934ff659095e30574adcf32a4c2f97b5)
Start importing Assets/NavMeshComponents/Scripts/NavMeshLink.cs using Guid(fd3f0c8df3e6f2f41a45b75127c00b31) Importer(2089858483,934ff659095e30574adcf32a4c2f97b5)  -> (artifact id: 'b0bec55342a98219ed6f926863c4946b') in 0.006875 seconds 
========================================================================
Received Import Request.
  Time since last request: 0.000232 seconds.
  path: Assets/Example05 - LowMan/LowMan/Animation/Clips/Humanoid_RunTurn.fbx
  artifactKey: Guid(1062212255550964e974f3ffb3cbaae3) Importer(2089858483,934ff659095e30574adcf32a4c2f97b5)
Start importing Assets/Example05 - LowMan/LowMan/Animation/Clips/Humanoid_RunTurn.fbx using Guid(1062212255550964e974f3ffb3cbaae3) Importer(2089858483,934ff659095e30574adcf32a4c2f97b5)  -> (artifact id: '89d2092d9b445ae11ba8b03b54cb13e4') in 0.016782 seconds 
========================================================================
Received Import Request.
  Time since last request: 0.000161 seconds.
  path: Assets/Example05 - LowMan/LowMan/Animation/Clips/Humanoid_Run.fbx
  artifactKey: Guid(1cb8ed3cbba15f0479fbae54e0a963df) Importer(2089858483,934ff659095e30574adcf32a4c2f97b5)
Start importing Assets/Example05 - LowMan/LowMan/Animation/Clips/Humanoid_Run.fbx using Guid(1cb8ed3cbba15f0479fbae54e0a963df) Importer(2089858483,934ff659095e30574adcf32a4c2f97b5)  -> (artifact id: '5bb8f5f5561b9bd4e0c9c147fa76deee') in 0.012942 seconds 
========================================================================
Received Import Request.
  Time since last request: 0.000140 seconds.
  path: Assets/Example05 - LowMan/LowMan/Animation/Clips/Humanoid_IdleJumpUp.fbx
  artifactKey: Guid(0d9d26e2162aa4d11ab075b34c029673) Importer(2089858483,934ff659095e30574adcf32a4c2f97b5)
Start importing Assets/Example05 - LowMan/LowMan/Animation/Clips/Humanoid_IdleJumpUp.fbx using Guid(0d9d26e2162aa4d11ab075b34c029673) Importer(2089858483,934ff659095e30574adcf32a4c2f97b5)  -> (artifact id: '0db55be1b9780b61186d5ad13172cd6b') in 0.018656 seconds 
========================================================================
Received Import Request.
  Time since last request: 0.000680 seconds.
  path: Assets/Example03 - Runtime/Wall.prefab
  artifactKey: Guid(50c2b0c5c4d64eb499af91a6741150ea) Importer(2089858483,934ff659095e30574adcf32a4c2f97b5)
Start importing Assets/Example03 - Runtime/Wall.prefab using Guid(50c2b0c5c4d64eb499af91a6741150ea) Importer(2089858483,934ff659095e30574adcf32a4c2f97b5)  -> (artifact id: '478599326899d7c9a4104689ee1b704b') in 0.006549 seconds 
========================================================================
Received Import Request.
  Time since last request: 0.000224 seconds.
  path: Assets/Example05 - LowMan/LowMan/Animation/Clips/Humanoid_StandTurn.fbx
  artifactKey: Guid(6fb3851da6a6f5948ab6892bee8ba920) Importer(2089858483,934ff659095e30574adcf32a4c2f97b5)
Start importing Assets/Example05 - LowMan/LowMan/Animation/Clips/Humanoid_StandTurn.fbx using Guid(6fb3851da6a6f5948ab6892bee8ba920) Importer(2089858483,934ff659095e30574adcf32a4c2f97b5)  -> (artifact id: 'a540bc1b235eb4213959eef539ca0dc3') in 0.022783 seconds 
========================================================================
Received Import Request.
  Time since last request: 0.000192 seconds.
  path: Assets/Example05 - LowMan/LowMan/Animation/Clips/Humanoid_MidAir.fbx
  artifactKey: Guid(f03e10c73f30b4ab4aa8ea8f1cc16d36) Importer(2089858483,934ff659095e30574adcf32a4c2f97b5)
Start importing Assets/Example05 - LowMan/LowMan/Animation/Clips/Humanoid_MidAir.fbx using Guid(f03e10c73f30b4ab4aa8ea8f1cc16d36) Importer(2089858483,934ff659095e30574adcf32a4c2f97b5)  -> (artifact id: '4bd121fc25485cb40ebd1fcc4ff82c28') in 0.014632 seconds 
========================================================================
Received Import Request.
  Time since last request: 0.000181 seconds.
  path: Assets/Example02 - Obstacles.unity
  artifactKey: Guid(15808f7fbd554c14d8971512aec98bef) Importer(2089858483,934ff659095e30574adcf32a4c2f97b5)
Start importing Assets/Example02 - Obstacles.unity using Guid(15808f7fbd554c14d8971512aec98bef) Importer(2089858483,934ff659095e30574adcf32a4c2f97b5)  -> (artifact id: '3ed04a77b0cfb1f6be356bedf84d22f8') in 0.003653 seconds 
========================================================================
Received Import Request.
  Time since last request: 0.000232 seconds.
  path: Assets/NavMeshComponents/Scripts/NavMeshModifier.cs
  artifactKey: Guid(6d07ce676d7afda4dabb3b0f7dd5e654) Importer(2089858483,934ff659095e30574adcf32a4c2f97b5)
Start importing Assets/NavMeshComponents/Scripts/NavMeshModifier.cs using Guid(6d07ce676d7afda4dabb3b0f7dd5e654) Importer(2089858483,934ff659095e30574adcf32a4c2f97b5)  -> (artifact id: '1c6526c6f78cd1c6a797a535782af588') in 0.007071 seconds 
========================================================================
Received Import Request.
  Time since last request: 0.000179 seconds.
  path: Assets/NavMeshComponents/Editor/NavMeshLinkEditor.cs
  artifactKey: Guid(2736c3ce72815474a841d00c8558a7a3) Importer(2089858483,934ff659095e30574adcf32a4c2f97b5)
Start importing Assets/NavMeshComponents/Editor/NavMeshLinkEditor.cs using Guid(2736c3ce72815474a841d00c8558a7a3) Importer(2089858483,934ff659095e30574adcf32a4c2f97b5)  -> (artifact id: '94cde0cfd0bee3a971ef0a22b5489e6e') in 0.006673 seconds 
========================================================================
Received Import Request.
  Time since last request: 0.000173 seconds.
  path: Assets/Example02 - Obstacles/Materials/Obstacle.mat
  artifactKey: Guid(7b3b4b9b2f30107469ccfb1934c3e2e3) Importer(2089858483,934ff659095e30574adcf32a4c2f97b5)
Start importing Assets/Example02 - Obstacles/Materials/Obstacle.mat using Guid(7b3b4b9b2f30107469ccfb1934c3e2e3) Importer(2089858483,934ff659095e30574adcf32a4c2f97b5)  -> (artifact id: 'e894e5f6f3082983c5bfe50c9591b40c') in 0.006691 seconds 
========================================================================
Received Import Request.
  Time since last request: 0.000193 seconds.
  path: Assets/PlayerController.cs
  artifactKey: Guid(ca1216b1c4557421cbf31251fcce0bfe) Importer(2089858483,934ff659095e30574adcf32a4c2f97b5)
Start importing Assets/PlayerController.cs using Guid(ca1216b1c4557421cbf31251fcce0bfe) Importer(2089858483,934ff659095e30574adcf32a4c2f97b5)  -> (artifact id: '75e8ea930bc72e94d07a3cd5e0265eb1') in 0.006992 seconds 
========================================================================
Received Import Request.
  Time since last request: 0.000196 seconds.
  path: Assets/Example05 - LowMan/LowMan/Animation/Clips/Humanoid_Idle.fbx
  artifactKey: Guid(dffa50cfe77e0434bbfa71245b3dd529) Importer(2089858483,934ff659095e30574adcf32a4c2f97b5)
Start importing Assets/Example05 - LowMan/LowMan/Animation/Clips/Humanoid_Idle.fbx using Guid(dffa50cfe77e0434bbfa71245b3dd529) Importer(2089858483,934ff659095e30574adcf32a4c2f97b5)  -> (artifact id: 'a6c2a8925344239356c7ea01a7ef33f9') in 0.015304 seconds 
========================================================================
Received Import Request.
  Time since last request: 0.000206 seconds.
  path: Assets/Example03 - Runtime/Materials/Ground.mat
  artifactKey: Guid(daa68a32eef103b498047437a683799e) Importer(2089858483,934ff659095e30574adcf32a4c2f97b5)
Start importing Assets/Example03 - Runtime/Materials/Ground.mat using Guid(daa68a32eef103b498047437a683799e) Importer(2089858483,934ff659095e30574adcf32a4c2f97b5)  -> (artifact id: '9d13a5b1fe56e28c257df932a9803651') in 0.006724 seconds 
========================================================================
Received Import Request.
  Time since last request: 0.000172 seconds.
  path: Assets/Example03 - Runtime/LevelGenerator.cs
  artifactKey: Guid(9c84d09a7dd944e478b5dff1aca22dca) Importer(2089858483,934ff659095e30574adcf32a4c2f97b5)
Start importing Assets/Example03 - Runtime/LevelGenerator.cs using Guid(9c84d09a7dd944e478b5dff1aca22dca) Importer(2089858483,934ff659095e30574adcf32a4c2f97b5)  -> (artifact id: '7b1af125e74b711f77eb59e7d21d5e1f') in 0.007120 seconds 
========================================================================
Received Import Request.
  Time since last request: 0.000190 seconds.
  path: Assets/Example02 - Obstacles/Materials/Player.mat
  artifactKey: Guid(7ab5b41445aaf9647a5bab173525f3b2) Importer(2089858483,934ff659095e30574adcf32a4c2f97b5)
Start importing Assets/Example02 - Obstacles/Materials/Player.mat using Guid(7ab5b41445aaf9647a5bab173525f3b2) Importer(2089858483,934ff659095e30574adcf32a4c2f97b5)  -> (artifact id: 'b72eb46b967918d0a62a4e3f42c0050c') in 0.007202 seconds 
========================================================================
Received Import Request.
  Time since last request: 0.000209 seconds.
  path: Assets/Example03 - Runtime/Materials/Player.mat
  artifactKey: Guid(9494caa7ee80f6e4385e191ee0f242e8) Importer(2089858483,934ff659095e30574adcf32a4c2f97b5)
Start importing Assets/Example03 - Runtime/Materials/Player.mat using Guid(9494caa7ee80f6e4385e191ee0f242e8) Importer(2089858483,934ff659095e30574adcf32a4c2f97b5)  -> (artifact id: '696627b9685fb86224957ad5bc706173') in 0.006826 seconds 
========================================================================
Received Import Request.
  Time since last request: 0.000209 seconds.
  path: Assets/NavMeshComponents/Editor/NavMeshModifierEditor.cs
  artifactKey: Guid(a8c4288ef2e341e4bab85c37922622c0) Importer(2089858483,934ff659095e30574adcf32a4c2f97b5)
Start importing Assets/NavMeshComponents/Editor/NavMeshModifierEditor.cs using Guid(a8c4288ef2e341e4bab85c37922622c0) Importer(2089858483,934ff659095e30574adcf32a4c2f97b5)  -> (artifact id: 'fd24aecb5d76012b474b2156258b5216') in 0.008248 seconds 
========================================================================
Received Import Request.
  Time since last request: 0.000175 seconds.
  path: Assets/Example05 - LowMan/LowMan/Animation/Clips/Humanoid_WalkTurnSharp.fbx
  artifactKey: Guid(bb141fc9a700c9c4ca7e6dadb8acf24b) Importer(2089858483,934ff659095e30574adcf32a4c2f97b5)
Start importing Assets/Example05 - LowMan/LowMan/Animation/Clips/Humanoid_WalkTurnSharp.fbx using Guid(bb141fc9a700c9c4ca7e6dadb8acf24b) Importer(2089858483,934ff659095e30574adcf32a4c2f97b5)  -> (artifact id: '05d940b163998ee01ccf72ff50e9999c') in 0.017917 seconds 
========================================================================
Received Import Request.
  Time since last request: 0.000247 seconds.
  path: Assets/Example05 - LowMan/LowMan/Animation/Clips/Humanoid_Crouch.fbx
  artifactKey: Guid(d89ea37480b6d75458aa38843e9688dc) Importer(2089858483,934ff659095e30574adcf32a4c2f97b5)
Start importing Assets/Example05 - LowMan/LowMan/Animation/Clips/Humanoid_Crouch.fbx using Guid(d89ea37480b6d75458aa38843e9688dc) Importer(2089858483,934ff659095e30574adcf32a4c2f97b5)  -> (artifact id: '954db3046377ee910005521fa03a9eed') in 0.024666 seconds 
========================================================================
Received Import Request.
  Time since last request: 0.000206 seconds.
  path: Assets/Example01 - Basics/Materials/Walls.mat
  artifactKey: Guid(516e6b06e20bb974aa29ea7459753cbe) Importer(2089858483,934ff659095e30574adcf32a4c2f97b5)
Start importing Assets/Example01 - Basics/Materials/Walls.mat using Guid(516e6b06e20bb974aa29ea7459753cbe) Importer(2089858483,934ff659095e30574adcf32a4c2f97b5)  -> (artifact id: '653b1ac80b4792ed2f53837f2a557bc5') in 0.005714 seconds 
========================================================================
Received Import Request.
  Time since last request: 0.000199 seconds.
  path: Assets/Example01 - Basics/Level.fbx
  artifactKey: Guid(172276cc9c6eac545ac9183214a11a68) Importer(2089858483,934ff659095e30574adcf32a4c2f97b5)
Start importing Assets/Example01 - Basics/Level.fbx using Guid(172276cc9c6eac545ac9183214a11a68) Importer(2089858483,934ff659095e30574adcf32a4c2f97b5)  -> (artifact id: 'e61cd9aca342312219f633f15deb6455') in 0.007855 seconds 
========================================================================
Received Import Request.
  Time since last request: 0.000196 seconds.
  path: Assets/Example05 - LowMan/LowMan/Materials/LowBody.mat
  artifactKey: Guid(2019ad135fac453488b693f57027201c) Importer(2089858483,934ff659095e30574adcf32a4c2f97b5)
Start importing Assets/Example05 - LowMan/LowMan/Materials/LowBody.mat using Guid(2019ad135fac453488b693f57027201c) Importer(2089858483,934ff659095e30574adcf32a4c2f97b5)  -> (artifact id: '4205c40e189f41810db4fdcf2f71051b') in 0.006102 seconds 
========================================================================
Received Import Request.
  Time since last request: 0.000187 seconds.
  path: Assets/NavMeshComponents/Editor/NavMeshComponentsGUIUtility.cs
  artifactKey: Guid(15548e45f29cdba49aea85acca959a91) Importer(2089858483,934ff659095e30574adcf32a4c2f97b5)
Start importing Assets/NavMeshComponents/Editor/NavMeshComponentsGUIUtility.cs using Guid(15548e45f29cdba49aea85acca959a91) Importer(2089858483,934ff659095e30574adcf32a4c2f97b5)  -> (artifact id: '74d6b5cdb9a7d1b41238db3ff7415982') in 0.007868 seconds 
========================================================================
Received Prepare
Registering precompiled user dll's ...
Registered in 0.004997 seconds.
Begin MonoManager ReloadAssembly
Symbol file LoadedFromMemory doesn't match image /Users/doguma/Desktop/Projects/NavMesh/NavMesh-Tutorial/NavMesh Example Project/Library/PackageCache/com.unity.visualscripting@1.6.1/Editor/VisualScripting.Core/Dependencies/YamlDotNet/Unity.VisualScripting.YamlDotNet.dll
Symbol file LoadedFromMemory doesn't match image /Users/doguma/Desktop/Projects/NavMesh/NavMesh-Tutorial/NavMesh Example Project/Library/PackageCache/com.unity.visualscripting@1.6.1/Editor/VisualScripting.Core/Dependencies/DotNetZip/Unity.VisualScripting.IonicZip.dll
Native extension for OSXStandalone target not found
Refreshing native plugins compatible for Editor in 0.49 ms, found 2 plugins.
Preloading 0 native plugins for Editor in 0.00 ms.
Mono: successfully reloaded assembly
- Completed reload, in  1.331 seconds
Domain Reload Profiling:
	ReloadAssembly (1332ms)
		BeginReloadAssembly (209ms)
			ExecutionOrderSort (0ms)
			DisableScriptedObjects (11ms)
			BackupInstance (0ms)
			ReleaseScriptingObjects (0ms)
			CreateAndSetChildDomain (121ms)
		EndReloadAssembly (1044ms)
			LoadAssemblies (100ms)
			RebuildTransferFunctionScriptingTraits (0ms)
			SetupTypeCache (465ms)
			ReleaseScriptCaches (1ms)
			RebuildScriptCaches (53ms)
			SetupLoadedEditorAssemblies (300ms)
				LogAssemblyErrors (0ms)
				InitializePlatformSupportModulesInManaged (5ms)
				SetLoadedEditorAssemblies (1ms)
				RefreshPlugins (1ms)
				BeforeProcessingInitializeOnLoad (52ms)
				ProcessInitializeOnLoadAttributes (235ms)
				ProcessInitializeOnLoadMethodAttributes (5ms)
				AfterProcessingInitializeOnLoad (1ms)
				EditorAssembliesLoaded (0ms)
			ExecutionOrderSort2 (0ms)
			AwakeInstancesAfterBackupRestoration (8ms)
Platform modules already initialized, skipping
Refreshing native plugins compatible for Editor in 0.58 ms, found 2 plugins.
Preloading 0 native plugins for Editor in 0.00 ms.
Unloading 2949 Unused Serialized files (Serialized files now loaded: 0)
System memory in use before: 226.6 MB.
System memory in use after: 226.8 MB.

Unloading 17 unused Assets to reduce memory usage. Loaded Objects now: 3451.
Total: 2.150298 ms (FindLiveObjects: 0.260691 ms CreateObjectMapping: 0.125431 ms MarkObjects: 1.741327 ms  DeleteObjects: 0.021975 ms)

AssetImportParameters requested are different than current active one (requested -> active):
  custom:video-decoder-ogg-theora: a1e56fd34408186e4bbccfd4996cb3dc -> 
  custom:container-muxer-webm: aa71ff27fc2769a1b78a27578f13a17b -> 
  custom:container-demuxer-webm: 4f35f7cbe854078d1ac9338744f61a02 -> 
  custom:container-demuxer-ogg: 62fdf1f143b41e24485cea50d1cbac27 -> 
  custom:video-encoder-webm-vp8: eb34c28f22e8b96e1ab97ce403110664 -> 
  custom:framework-osx-AVFoundation: e770b220cccbd017edd2c1fefb359320 -> 
  custom:video-decoder-webm-vp8: 9c59270c3fd7afecdb556c50c9e8de78 -> 
  custom:audio-decoder-ogg-vorbis: bf7c407c2cedff20999df2af8eb42d56 -> 
  custom:audio-encoder-webm-vorbis: bf7c407c2cedff20999df2af8eb42d56 -> 
========================================================================
Received Prepare
Registering precompiled user dll's ...
Registered in 0.005970 seconds.
Begin MonoManager ReloadAssembly
Symbol file LoadedFromMemory doesn't match image /Users/doguma/Desktop/Projects/NavMesh/NavMesh-Tutorial/NavMesh Example Project/Library/PackageCache/com.unity.visualscripting@1.6.1/Editor/VisualScripting.Core/Dependencies/YamlDotNet/Unity.VisualScripting.YamlDotNet.dll
Symbol file LoadedFromMemory doesn't match image /Users/doguma/Desktop/Projects/NavMesh/NavMesh-Tutorial/NavMesh Example Project/Library/PackageCache/com.unity.visualscripting@1.6.1/Editor/VisualScripting.Core/Dependencies/DotNetZip/Unity.VisualScripting.IonicZip.dll
Native extension for OSXStandalone target not found
Refreshing native plugins compatible for Editor in 0.61 ms, found 2 plugins.
Preloading 0 native plugins for Editor in 0.00 ms.
Mono: successfully reloaded assembly
- Completed reload, in  1.223 seconds
Domain Reload Profiling:
	ReloadAssembly (1223ms)
		BeginReloadAssembly (130ms)
			ExecutionOrderSort (0ms)
			DisableScriptedObjects (5ms)
			BackupInstance (0ms)
			ReleaseScriptingObjects (0ms)
			CreateAndSetChildDomain (67ms)
		EndReloadAssembly (1018ms)
			LoadAssemblies (78ms)
			RebuildTransferFunctionScriptingTraits (0ms)
			SetupTypeCache (431ms)
			ReleaseScriptCaches (1ms)
			RebuildScriptCaches (52ms)
			SetupLoadedEditorAssemblies (317ms)
				LogAssemblyErrors (0ms)
				InitializePlatformSupportModulesInManaged (5ms)
				SetLoadedEditorAssemblies (1ms)
				RefreshPlugins (1ms)
				BeforeProcessingInitializeOnLoad (53ms)
				ProcessInitializeOnLoadAttributes (250ms)
				ProcessInitializeOnLoadMethodAttributes (7ms)
				AfterProcessingInitializeOnLoad (1ms)
				EditorAssembliesLoaded (0ms)
			ExecutionOrderSort2 (0ms)
			AwakeInstancesAfterBackupRestoration (9ms)
Platform modules already initialized, skipping
Refreshing native plugins compatible for Editor in 0.56 ms, found 2 plugins.
Preloading 0 native plugins for Editor in 0.00 ms.
Unloading 2949 Unused Serialized files (Serialized files now loaded: 0)
System memory in use before: 226.8 MB.
System memory in use after: 227.1 MB.

Unloading 17 unused Assets to reduce memory usage. Loaded Objects now: 3454.
Total: 2.112416 ms (FindLiveObjects: 0.229029 ms CreateObjectMapping: 0.130597 ms MarkObjects: 1.736185 ms  DeleteObjects: 0.015592 ms)

AssetImportParameters requested are different than current active one (requested -> active):
  custom:video-decoder-ogg-theora: a1e56fd34408186e4bbccfd4996cb3dc -> 
  custom:container-muxer-webm: aa71ff27fc2769a1b78a27578f13a17b -> 
  custom:container-demuxer-webm: 4f35f7cbe854078d1ac9338744f61a02 -> 
  custom:container-demuxer-ogg: 62fdf1f143b41e24485cea50d1cbac27 -> 
  custom:video-encoder-webm-vp8: eb34c28f22e8b96e1ab97ce403110664 -> 
  custom:framework-osx-AVFoundation: e770b220cccbd017edd2c1fefb359320 -> 
  custom:video-decoder-webm-vp8: 9c59270c3fd7afecdb556c50c9e8de78 -> 
  custom:audio-decoder-ogg-vorbis: bf7c407c2cedff20999df2af8eb42d56 -> 
  custom:audio-encoder-webm-vorbis: bf7c407c2cedff20999df2af8eb42d56 -> 
========================================================================
Received Prepare
Registering precompiled user dll's ...
Registered in 0.004975 seconds.
Begin MonoManager ReloadAssembly
Symbol file LoadedFromMemory doesn't match image /Users/doguma/Desktop/Projects/NavMesh/NavMesh-Tutorial/NavMesh Example Project/Library/PackageCache/com.unity.visualscripting@1.6.1/Editor/VisualScripting.Core/Dependencies/YamlDotNet/Unity.VisualScripting.YamlDotNet.dll
Symbol file LoadedFromMemory doesn't match image /Users/doguma/Desktop/Projects/NavMesh/NavMesh-Tutorial/NavMesh Example Project/Library/PackageCache/com.unity.visualscripting@1.6.1/Editor/VisualScripting.Core/Dependencies/DotNetZip/Unity.VisualScripting.IonicZip.dll
Native extension for OSXStandalone target not found
Refreshing native plugins compatible for Editor in 0.48 ms, found 2 plugins.
Preloading 0 native plugins for Editor in 0.00 ms.
Mono: successfully reloaded assembly
- Completed reload, in  1.236 seconds
Domain Reload Profiling:
	ReloadAssembly (1236ms)
		BeginReloadAssembly (139ms)
			ExecutionOrderSort (0ms)
			DisableScriptedObjects (5ms)
			BackupInstance (0ms)
			ReleaseScriptingObjects (0ms)
			CreateAndSetChildDomain (74ms)
		EndReloadAssembly (1022ms)
			LoadAssemblies (86ms)
			RebuildTransferFunctionScriptingTraits (0ms)
			SetupTypeCache (456ms)
			ReleaseScriptCaches (1ms)
			RebuildScriptCaches (52ms)
			SetupLoadedEditorAssemblies (301ms)
				LogAssemblyErrors (0ms)
				InitializePlatformSupportModulesInManaged (5ms)
				SetLoadedEditorAssemblies (0ms)
				RefreshPlugins (1ms)
				BeforeProcessingInitializeOnLoad (48ms)
				ProcessInitializeOnLoadAttributes (239ms)
				ProcessInitializeOnLoadMethodAttributes (5ms)
				AfterProcessingInitializeOnLoad (2ms)
				EditorAssembliesLoaded (0ms)
			ExecutionOrderSort2 (0ms)
			AwakeInstancesAfterBackupRestoration (10ms)
Platform modules already initialized, skipping
Refreshing native plugins compatible for Editor in 0.54 ms, found 2 plugins.
Preloading 0 native plugins for Editor in 0.00 ms.
Unloading 2949 Unused Serialized files (Serialized files now loaded: 0)
System memory in use before: 227.9 MB.
System memory in use after: 228.2 MB.

Unloading 17 unused Assets to reduce memory usage. Loaded Objects now: 3457.
Total: 3.077447 ms (FindLiveObjects: 0.232982 ms CreateObjectMapping: 0.273433 ms MarkObjects: 2.551532 ms  DeleteObjects: 0.018409 ms)

AssetImportParameters requested are different than current active one (requested -> active):
  custom:video-decoder-ogg-theora: a1e56fd34408186e4bbccfd4996cb3dc -> 
  custom:container-muxer-webm: aa71ff27fc2769a1b78a27578f13a17b -> 
  custom:container-demuxer-webm: 4f35f7cbe854078d1ac9338744f61a02 -> 
  custom:container-demuxer-ogg: 62fdf1f143b41e24485cea50d1cbac27 -> 
  custom:video-encoder-webm-vp8: eb34c28f22e8b96e1ab97ce403110664 -> 
  custom:framework-osx-AVFoundation: e770b220cccbd017edd2c1fefb359320 -> 
  custom:video-decoder-webm-vp8: 9c59270c3fd7afecdb556c50c9e8de78 -> 
  custom:audio-decoder-ogg-vorbis: bf7c407c2cedff20999df2af8eb42d56 -> 
  custom:audio-encoder-webm-vorbis: bf7c407c2cedff20999df2af8eb42d56 -> 
========================================================================
Received Prepare
Registering precompiled user dll's ...
Registered in 0.002843 seconds.
Begin MonoManager ReloadAssembly
Symbol file LoadedFromMemory doesn't match image /Users/doguma/Desktop/Projects/NavMesh/NavMesh-Tutorial/NavMesh Example Project/Library/PackageCache/com.unity.visualscripting@1.6.1/Editor/VisualScripting.Core/Dependencies/YamlDotNet/Unity.VisualScripting.YamlDotNet.dll
Symbol file LoadedFromMemory doesn't match image /Users/doguma/Desktop/Projects/NavMesh/NavMesh-Tutorial/NavMesh Example Project/Library/PackageCache/com.unity.visualscripting@1.6.1/Editor/VisualScripting.Core/Dependencies/DotNetZip/Unity.VisualScripting.IonicZip.dll
Native extension for OSXStandalone target not found
Refreshing native plugins compatible for Editor in 0.54 ms, found 2 plugins.
Preloading 0 native plugins for Editor in 0.00 ms.
Mono: successfully reloaded assembly
- Completed reload, in  1.329 seconds
Domain Reload Profiling:
	ReloadAssembly (1329ms)
		BeginReloadAssembly (163ms)
			ExecutionOrderSort (0ms)
			DisableScriptedObjects (6ms)
			BackupInstance (0ms)
			ReleaseScriptingObjects (0ms)
			CreateAndSetChildDomain (87ms)
		EndReloadAssembly (1085ms)
			LoadAssemblies (92ms)
			RebuildTransferFunctionScriptingTraits (0ms)
			SetupTypeCache (472ms)
			ReleaseScriptCaches (1ms)
			RebuildScriptCaches (58ms)
			SetupLoadedEditorAssemblies (326ms)
				LogAssemblyErrors (0ms)
				InitializePlatformSupportModulesInManaged (5ms)
				SetLoadedEditorAssemblies (1ms)
				RefreshPlugins (1ms)
				BeforeProcessingInitializeOnLoad (51ms)
				ProcessInitializeOnLoadAttributes (261ms)
				ProcessInitializeOnLoadMethodAttributes (5ms)
				AfterProcessingInitializeOnLoad (2ms)
				EditorAssembliesLoaded (0ms)
			ExecutionOrderSort2 (0ms)
			AwakeInstancesAfterBackupRestoration (9ms)
Platform modules already initialized, skipping
Refreshing native plugins compatible for Editor in 0.54 ms, found 2 plugins.
Preloading 0 native plugins for Editor in 0.00 ms.
Unloading 2949 Unused Serialized files (Serialized files now loaded: 0)
System memory in use before: 228.2 MB.
System memory in use after: 228.4 MB.

Unloading 17 unused Assets to reduce memory usage. Loaded Objects now: 3460.
Total: 2.419615 ms (FindLiveObjects: 0.240017 ms CreateObjectMapping: 0.144219 ms MarkObjects: 2.015996 ms  DeleteObjects: 0.018052 ms)

AssetImportParameters requested are different than current active one (requested -> active):
  custom:video-decoder-ogg-theora: a1e56fd34408186e4bbccfd4996cb3dc -> 
  custom:container-muxer-webm: aa71ff27fc2769a1b78a27578f13a17b -> 
  custom:container-demuxer-webm: 4f35f7cbe854078d1ac9338744f61a02 -> 
  custom:container-demuxer-ogg: 62fdf1f143b41e24485cea50d1cbac27 -> 
  custom:video-encoder-webm-vp8: eb34c28f22e8b96e1ab97ce403110664 -> 
  custom:framework-osx-AVFoundation: e770b220cccbd017edd2c1fefb359320 -> 
  custom:video-decoder-webm-vp8: 9c59270c3fd7afecdb556c50c9e8de78 -> 
  custom:audio-decoder-ogg-vorbis: bf7c407c2cedff20999df2af8eb42d56 -> 
  custom:audio-encoder-webm-vorbis: bf7c407c2cedff20999df2af8eb42d56 -> 
========================================================================
Received Prepare
Registering precompiled user dll's ...
Registered in 0.003014 seconds.
Begin MonoManager ReloadAssembly
Symbol file LoadedFromMemory doesn't match image /Users/doguma/Desktop/Projects/NavMesh/NavMesh-Tutorial/NavMesh Example Project/Library/PackageCache/com.unity.visualscripting@1.6.1/Editor/VisualScripting.Core/Dependencies/YamlDotNet/Unity.VisualScripting.YamlDotNet.dll
Symbol file LoadedFromMemory doesn't match image /Users/doguma/Desktop/Projects/NavMesh/NavMesh-Tutorial/NavMesh Example Project/Library/PackageCache/com.unity.visualscripting@1.6.1/Editor/VisualScripting.Core/Dependencies/DotNetZip/Unity.VisualScripting.IonicZip.dll
Native extension for OSXStandalone target not found
Refreshing native plugins compatible for Editor in 0.50 ms, found 2 plugins.
Preloading 0 native plugins for Editor in 0.00 ms.
Mono: successfully reloaded assembly
- Completed reload, in  1.299 seconds
Domain Reload Profiling:
	ReloadAssembly (1299ms)
		BeginReloadAssembly (138ms)
			ExecutionOrderSort (0ms)
			DisableScriptedObjects (5ms)
			BackupInstance (0ms)
			ReleaseScriptingObjects (0ms)
			CreateAndSetChildDomain (69ms)
		EndReloadAssembly (1075ms)
			LoadAssemblies (84ms)
			RebuildTransferFunctionScriptingTraits (0ms)
			SetupTypeCache (458ms)
			ReleaseScriptCaches (1ms)
			RebuildScriptCaches (56ms)
			SetupLoadedEditorAssemblies (326ms)
				LogAssemblyErrors (0ms)
				InitializePlatformSupportModulesInManaged (5ms)
				SetLoadedEditorAssemblies (0ms)
				RefreshPlugins (1ms)
				BeforeProcessingInitializeOnLoad (55ms)
				ProcessInitializeOnLoadAttributes (258ms)
				ProcessInitializeOnLoadMethodAttributes (5ms)
				AfterProcessingInitializeOnLoad (2ms)
				EditorAssembliesLoaded (0ms)
			ExecutionOrderSort2 (0ms)
			AwakeInstancesAfterBackupRestoration (10ms)
Platform modules already initialized, skipping
Refreshing native plugins compatible for Editor in 0.49 ms, found 2 plugins.
Preloading 0 native plugins for Editor in 0.00 ms.
Unloading 2949 Unused Serialized files (Serialized files now loaded: 0)
System memory in use before: 228.4 MB.
System memory in use after: 228.6 MB.

Unloading 17 unused Assets to reduce memory usage. Loaded Objects now: 3463.
Total: 2.053485 ms (FindLiveObjects: 0.212681 ms CreateObjectMapping: 0.119485 ms MarkObjects: 1.705588 ms  DeleteObjects: 0.014917 ms)

AssetImportParameters requested are different than current active one (requested -> active):
  custom:video-decoder-ogg-theora: a1e56fd34408186e4bbccfd4996cb3dc -> 
  custom:container-muxer-webm: aa71ff27fc2769a1b78a27578f13a17b -> 
  custom:container-demuxer-webm: 4f35f7cbe854078d1ac9338744f61a02 -> 
  custom:container-demuxer-ogg: 62fdf1f143b41e24485cea50d1cbac27 -> 
  custom:video-encoder-webm-vp8: eb34c28f22e8b96e1ab97ce403110664 -> 
  custom:framework-osx-AVFoundation: e770b220cccbd017edd2c1fefb359320 -> 
  custom:video-decoder-webm-vp8: 9c59270c3fd7afecdb556c50c9e8de78 -> 
  custom:audio-decoder-ogg-vorbis: bf7c407c2cedff20999df2af8eb42d56 -> 
  custom:audio-encoder-webm-vorbis: bf7c407c2cedff20999df2af8eb42d56 -> 
========================================================================
Received Prepare
Registering precompiled user dll's ...
Registered in 0.002704 seconds.
Begin MonoManager ReloadAssembly
Symbol file LoadedFromMemory doesn't match image /Users/doguma/Desktop/Projects/NavMesh/NavMesh-Tutorial/NavMesh Example Project/Library/PackageCache/com.unity.visualscripting@1.6.1/Editor/VisualScripting.Core/Dependencies/YamlDotNet/Unity.VisualScripting.YamlDotNet.dll
Symbol file LoadedFromMemory doesn't match image /Users/doguma/Desktop/Projects/NavMesh/NavMesh-Tutorial/NavMesh Example Project/Library/PackageCache/com.unity.visualscripting@1.6.1/Editor/VisualScripting.Core/Dependencies/DotNetZip/Unity.VisualScripting.IonicZip.dll
Native extension for OSXStandalone target not found
Refreshing native plugins compatible for Editor in 0.58 ms, found 2 plugins.
Preloading 0 native plugins for Editor in 0.00 ms.
Mono: successfully reloaded assembly
- Completed reload, in  1.352 seconds
Domain Reload Profiling:
	ReloadAssembly (1353ms)
		BeginReloadAssembly (137ms)
			ExecutionOrderSort (0ms)
			DisableScriptedObjects (7ms)
			BackupInstance (0ms)
			ReleaseScriptingObjects (0ms)
			CreateAndSetChildDomain (70ms)
		EndReloadAssembly (1141ms)
			LoadAssemblies (84ms)
			RebuildTransferFunctionScriptingTraits (0ms)
			SetupTypeCache (487ms)
			ReleaseScriptCaches (1ms)
			RebuildScriptCaches (57ms)
			SetupLoadedEditorAssemblies (372ms)
				LogAssemblyErrors (0ms)
				InitializePlatformSupportModulesInManaged (4ms)
				SetLoadedEditorAssemblies (0ms)
				RefreshPlugins (1ms)
				BeforeProcessingInitializeOnLoad (64ms)
				ProcessInitializeOnLoadAttributes (296ms)
				ProcessInitializeOnLoadMethodAttributes (5ms)
				AfterProcessingInitializeOnLoad (2ms)
				EditorAssembliesLoaded (0ms)
			ExecutionOrderSort2 (0ms)
			AwakeInstancesAfterBackupRestoration (9ms)
Platform modules already initialized, skipping
Refreshing native plugins compatible for Editor in 0.74 ms, found 2 plugins.
Preloading 0 native plugins for Editor in 0.00 ms.
Unloading 2949 Unused Serialized files (Serialized files now loaded: 0)
System memory in use before: 228.6 MB.
System memory in use after: 228.8 MB.

Unloading 17 unused Assets to reduce memory usage. Loaded Objects now: 3466.
Total: 3.950713 ms (FindLiveObjects: 0.282481 ms CreateObjectMapping: 0.271331 ms MarkObjects: 3.346430 ms  DeleteObjects: 0.049235 ms)

AssetImportParameters requested are different than current active one (requested -> active):
  custom:video-decoder-ogg-theora: a1e56fd34408186e4bbccfd4996cb3dc -> 
  custom:container-muxer-webm: aa71ff27fc2769a1b78a27578f13a17b -> 
  custom:container-demuxer-webm: 4f35f7cbe854078d1ac9338744f61a02 -> 
  custom:container-demuxer-ogg: 62fdf1f143b41e24485cea50d1cbac27 -> 
  custom:video-encoder-webm-vp8: eb34c28f22e8b96e1ab97ce403110664 -> 
  custom:framework-osx-AVFoundation: e770b220cccbd017edd2c1fefb359320 -> 
  custom:video-decoder-webm-vp8: 9c59270c3fd7afecdb556c50c9e8de78 -> 
  custom:audio-decoder-ogg-vorbis: bf7c407c2cedff20999df2af8eb42d56 -> 
  custom:audio-encoder-webm-vorbis: bf7c407c2cedff20999df2af8eb42d56 -> 
========================================================================
Received Prepare
Registering precompiled user dll's ...
Registered in 0.005164 seconds.
Begin MonoManager ReloadAssembly
Symbol file LoadedFromMemory doesn't match image /Users/doguma/Desktop/Projects/NavMesh/NavMesh-Tutorial/NavMesh Example Project/Library/PackageCache/com.unity.visualscripting@1.6.1/Editor/VisualScripting.Core/Dependencies/YamlDotNet/Unity.VisualScripting.YamlDotNet.dll
Symbol file LoadedFromMemory doesn't match image /Users/doguma/Desktop/Projects/NavMesh/NavMesh-Tutorial/NavMesh Example Project/Library/PackageCache/com.unity.visualscripting@1.6.1/Editor/VisualScripting.Core/Dependencies/DotNetZip/Unity.VisualScripting.IonicZip.dll
Native extension for OSXStandalone target not found
Refreshing native plugins compatible for Editor in 0.78 ms, found 2 plugins.
Preloading 0 native plugins for Editor in 0.00 ms.
Mono: successfully reloaded assembly
- Completed reload, in  1.280 seconds
Domain Reload Profiling:
	ReloadAssembly (1280ms)
		BeginReloadAssembly (136ms)
			ExecutionOrderSort (0ms)
			DisableScriptedObjects (6ms)
			BackupInstance (0ms)
			ReleaseScriptingObjects (0ms)
			CreateAndSetChildDomain (69ms)
		EndReloadAssembly (1062ms)
			LoadAssemblies (130ms)
			RebuildTransferFunctionScriptingTraits (0ms)
			SetupTypeCache (455ms)
			ReleaseScriptCaches (1ms)
			RebuildScriptCaches (56ms)
			SetupLoadedEditorAssemblies (294ms)
				LogAssemblyErrors (0ms)
				InitializePlatformSupportModulesInManaged (4ms)
				SetLoadedEditorAssemblies (1ms)
				RefreshPlugins (1ms)
				BeforeProcessingInitializeOnLoad (45ms)
				ProcessInitializeOnLoadAttributes (237ms)
				ProcessInitializeOnLoadMethodAttributes (5ms)
				AfterProcessingInitializeOnLoad (1ms)
				EditorAssembliesLoaded (0ms)
			ExecutionOrderSort2 (0ms)
			AwakeInstancesAfterBackupRestoration (8ms)
Platform modules already initialized, skipping
Refreshing native plugins compatible for Editor in 0.67 ms, found 2 plugins.
Preloading 0 native plugins for Editor in 0.00 ms.
Unloading 2949 Unused Serialized files (Serialized files now loaded: 0)
System memory in use before: 228.8 MB.
System memory in use after: 229.0 MB.

Unloading 17 unused Assets to reduce memory usage. Loaded Objects now: 3469.
Total: 2.150551 ms (FindLiveObjects: 0.195169 ms CreateObjectMapping: 0.111674 ms MarkObjects: 1.816360 ms  DeleteObjects: 0.026593 ms)

AssetImportParameters requested are different than current active one (requested -> active):
  custom:video-decoder-ogg-theora: a1e56fd34408186e4bbccfd4996cb3dc -> 
  custom:container-muxer-webm: aa71ff27fc2769a1b78a27578f13a17b -> 
  custom:container-demuxer-webm: 4f35f7cbe854078d1ac9338744f61a02 -> 
  custom:container-demuxer-ogg: 62fdf1f143b41e24485cea50d1cbac27 -> 
  custom:video-encoder-webm-vp8: eb34c28f22e8b96e1ab97ce403110664 -> 
  custom:framework-osx-AVFoundation: e770b220cccbd017edd2c1fefb359320 -> 
  custom:video-decoder-webm-vp8: 9c59270c3fd7afecdb556c50c9e8de78 -> 
  custom:audio-decoder-ogg-vorbis: bf7c407c2cedff20999df2af8eb42d56 -> 
  custom:audio-encoder-webm-vorbis: bf7c407c2cedff20999df2af8eb42d56 -> 
